<?xml version="1.0" encoding="UTF-8"?>
<!-- Generated by org.testng.reporters.JUnitReportReporter -->
<testsuite hostname="LAPTOP-ES8PCKE4" failures="0" tests="1" name="TestClass.TestClass1" time="8.306" errors="0" timestamp="2023-04-04T00:18:46 IST" skipped="0">
  <testcase classname="TestClass.TestClass1" name="TC" time="8.306"/>
  <system-out/>
</testsuite> <!-- TestClass.TestClass1 -->
